============================= test session starts =============================
platform win32 -- Python 3.14.3, pytest-7.4.4, pluggy-1.6.0
rootdir: C:\Users\Juice\Documents\GitHub\WinSet
plugins: cov-4.1.0
collected 14 items

tests\test_models.py ....                                                [ 28%]
tests\test_presets.py ...                                                [ 50%]
tests\test_registry_handler.py ....                                      [ 78%]
tests\test_storage.py ...                                                [100%]

============================= 14 passed in 0.12s ==============================
